running egg_info
creating ../../build/drone/drone.egg-info
writing ../../build/drone/drone.egg-info/PKG-INFO
writing dependency_links to ../../build/drone/drone.egg-info/dependency_links.txt
writing entry points to ../../build/drone/drone.egg-info/entry_points.txt
writing requirements to ../../build/drone/drone.egg-info/requires.txt
writing top-level names to ../../build/drone/drone.egg-info/top_level.txt
writing manifest file '../../build/drone/drone.egg-info/SOURCES.txt'
reading manifest file '../../build/drone/drone.egg-info/SOURCES.txt'
writing manifest file '../../build/drone/drone.egg-info/SOURCES.txt'
running build
running build_py
creating /home/student/dev_ws/build/drone/build
creating /home/student/dev_ws/build/drone/build/lib
creating /home/student/dev_ws/build/drone/build/lib/drone
copying drone/__init__.py -> /home/student/dev_ws/build/drone/build/lib/drone
copying drone/drone_control_node.py -> /home/student/dev_ws/build/drone/build/lib/drone
running install
running install_lib
creating /home/student/dev_ws/install/drone/lib/python3.12/site-packages/drone
copying /home/student/dev_ws/build/drone/build/lib/drone/__init__.py -> /home/student/dev_ws/install/drone/lib/python3.12/site-packages/drone
copying /home/student/dev_ws/build/drone/build/lib/drone/drone_control_node.py -> /home/student/dev_ws/install/drone/lib/python3.12/site-packages/drone
byte-compiling /home/student/dev_ws/install/drone/lib/python3.12/site-packages/drone/__init__.py to __init__.cpython-312.pyc
byte-compiling /home/student/dev_ws/install/drone/lib/python3.12/site-packages/drone/drone_control_node.py to drone_control_node.cpython-312.pyc
running install_data
creating /home/student/dev_ws/install/drone/share/ament_index
creating /home/student/dev_ws/install/drone/share/ament_index/resource_index
creating /home/student/dev_ws/install/drone/share/ament_index/resource_index/packages
copying resource/drone -> /home/student/dev_ws/install/drone/share/ament_index/resource_index/packages
copying package.xml -> /home/student/dev_ws/install/drone/share/drone
running install_egg_info
Copying ../../build/drone/drone.egg-info to /home/student/dev_ws/install/drone/lib/python3.12/site-packages/drone-0.0.0-py3.12.egg-info
running install_scripts
Installing drone_control_node script to /home/student/dev_ws/install/drone/lib/drone
writing list of installed files to '/home/student/dev_ws/build/drone/install.log'
