[0.408s] Invoking command in '/home/student/dev_ws/src/place_logger': PS1=\u@ros-workspace:\w$ PYTHONPATH=/home/student/dev_ws/src/place_logger/build/place_logger/prefix_override:/usr/lib/python3/dist-packages/colcon_core/task/python/colcon_distutils_commands:/home/student/dev_ws/src/place_logger/install/place_logger/lib/python3.12/site-packages:${PYTHONPATH} /usr/bin/python3 -W ignore:setup.py install is deprecated -W ignore:easy_install command is deprecated setup.py egg_info --egg-base build/place_logger build --build-base /home/student/dev_ws/src/place_logger/build/place_logger/build install --record /home/student/dev_ws/src/place_logger/build/place_logger/install.log --single-version-externally-managed install_data
[0.531s] running egg_info
[0.533s] creating build/place_logger/place_logger.egg-info
[0.539s] writing build/place_logger/place_logger.egg-info/PKG-INFO
[0.541s] writing dependency_links to build/place_logger/place_logger.egg-info/dependency_links.txt
[0.543s] writing entry points to build/place_logger/place_logger.egg-info/entry_points.txt
[0.544s] writing requirements to build/place_logger/place_logger.egg-info/requires.txt
[0.545s] writing top-level names to build/place_logger/place_logger.egg-info/top_level.txt
[0.545s] writing manifest file 'build/place_logger/place_logger.egg-info/SOURCES.txt'
[0.561s] reading manifest file 'build/place_logger/place_logger.egg-info/SOURCES.txt'
[0.561s] writing manifest file 'build/place_logger/place_logger.egg-info/SOURCES.txt'
[0.562s] running build
[0.563s] running build_py
[0.565s] creating /home/student/dev_ws/src/place_logger/build/place_logger/build
[0.565s] creating /home/student/dev_ws/src/place_logger/build/place_logger/build/lib
[0.566s] creating /home/student/dev_ws/src/place_logger/build/place_logger/build/lib/place_logger
[0.567s] copying place_logger/__init__.py -> /home/student/dev_ws/src/place_logger/build/place_logger/build/lib/place_logger
[0.568s] running install
[0.570s] running install_lib
[0.576s] creating /home/student/dev_ws/src/place_logger/install/place_logger/lib/python3.12/site-packages/place_logger
[0.577s] copying /home/student/dev_ws/src/place_logger/build/place_logger/build/lib/place_logger/__init__.py -> /home/student/dev_ws/src/place_logger/install/place_logger/lib/python3.12/site-packages/place_logger
[0.579s] byte-compiling /home/student/dev_ws/src/place_logger/install/place_logger/lib/python3.12/site-packages/place_logger/__init__.py to __init__.cpython-312.pyc
[0.581s] running install_data
[0.583s] creating /home/student/dev_ws/src/place_logger/install/place_logger/share/ament_index
[0.583s] creating /home/student/dev_ws/src/place_logger/install/place_logger/share/ament_index/resource_index
[0.584s] creating /home/student/dev_ws/src/place_logger/install/place_logger/share/ament_index/resource_index/packages
[0.585s] copying resource/place_logger -> /home/student/dev_ws/src/place_logger/install/place_logger/share/ament_index/resource_index/packages
[0.586s] copying package.xml -> /home/student/dev_ws/src/place_logger/install/place_logger/share/place_logger
[0.586s] running install_egg_info
[0.593s] Copying build/place_logger/place_logger.egg-info to /home/student/dev_ws/src/place_logger/install/place_logger/lib/python3.12/site-packages/place_logger-0.0.0-py3.12.egg-info
[0.604s] running install_scripts
[0.663s] Installing place_logger script to /home/student/dev_ws/src/place_logger/install/place_logger/lib/place_logger
[0.665s] writing list of installed files to '/home/student/dev_ws/src/place_logger/build/place_logger/install.log'
[0.684s] Invoked command in '/home/student/dev_ws/src/place_logger' returned '0': PS1=\u@ros-workspace:\w$ PYTHONPATH=/home/student/dev_ws/src/place_logger/build/place_logger/prefix_override:/usr/lib/python3/dist-packages/colcon_core/task/python/colcon_distutils_commands:/home/student/dev_ws/src/place_logger/install/place_logger/lib/python3.12/site-packages:${PYTHONPATH} /usr/bin/python3 -W ignore:setup.py install is deprecated -W ignore:easy_install command is deprecated setup.py egg_info --egg-base build/place_logger build --build-base /home/student/dev_ws/src/place_logger/build/place_logger/build install --record /home/student/dev_ws/src/place_logger/build/place_logger/install.log --single-version-externally-managed install_data
