[0.819s] Invoking command in '/home/student/dev_ws/src/drone': DEBUGINFOD_URLS=https://debuginfod.ubuntu.com PYTHONPATH=/home/student/dev_ws/build/drone/prefix_override:/usr/lib/python3/dist-packages/colcon_core/task/python/colcon_distutils_commands:/home/student/dev_ws/install/drone/lib/python3.12/site-packages:${PYTHONPATH} /usr/bin/python3 -W ignore:setup.py install is deprecated -W ignore:easy_install command is deprecated setup.py egg_info --egg-base ../../build/drone build --build-base /home/student/dev_ws/build/drone/build install --record /home/student/dev_ws/build/drone/install.log --single-version-externally-managed install_data
[0.956s] running egg_info
[0.964s] writing ../../build/drone/drone.egg-info/PKG-INFO
[0.965s] writing dependency_links to ../../build/drone/drone.egg-info/dependency_links.txt
[0.966s] writing entry points to ../../build/drone/drone.egg-info/entry_points.txt
[0.968s] writing requirements to ../../build/drone/drone.egg-info/requires.txt
[0.969s] writing top-level names to ../../build/drone/drone.egg-info/top_level.txt
[0.985s] reading manifest file '../../build/drone/drone.egg-info/SOURCES.txt'
[0.986s] writing manifest file '../../build/drone/drone.egg-info/SOURCES.txt'
[0.987s] running build
[0.988s] running build_py
[0.989s] running install
[0.991s] running install_lib
[0.999s] running install_data
[1.000s] running install_egg_info
[1.008s] removing '/home/student/dev_ws/install/drone/lib/python3.12/site-packages/drone-0.0.0-py3.12.egg-info' (and everything under it)
[1.010s] Copying ../../build/drone/drone.egg-info to /home/student/dev_ws/install/drone/lib/python3.12/site-packages/drone-0.0.0-py3.12.egg-info
[1.025s] running install_scripts
[1.089s] Installing drone_control_test_node script to /home/student/dev_ws/install/drone/lib/drone
[1.091s] Installing drone_cv_node script to /home/student/dev_ws/install/drone/lib/drone
[1.092s] writing list of installed files to '/home/student/dev_ws/build/drone/install.log'
[1.109s] Invoked command in '/home/student/dev_ws/src/drone' returned '0': DEBUGINFOD_URLS=https://debuginfod.ubuntu.com PYTHONPATH=/home/student/dev_ws/build/drone/prefix_override:/usr/lib/python3/dist-packages/colcon_core/task/python/colcon_distutils_commands:/home/student/dev_ws/install/drone/lib/python3.12/site-packages:${PYTHONPATH} /usr/bin/python3 -W ignore:setup.py install is deprecated -W ignore:easy_install command is deprecated setup.py egg_info --egg-base ../../build/drone build --build-base /home/student/dev_ws/build/drone/build install --record /home/student/dev_ws/build/drone/install.log --single-version-externally-managed install_data
