running egg_info
creating ../../build/hello_world/hello_world.egg-info
writing ../../build/hello_world/hello_world.egg-info/PKG-INFO
writing dependency_links to ../../build/hello_world/hello_world.egg-info/dependency_links.txt
writing entry points to ../../build/hello_world/hello_world.egg-info/entry_points.txt
writing requirements to ../../build/hello_world/hello_world.egg-info/requires.txt
writing top-level names to ../../build/hello_world/hello_world.egg-info/top_level.txt
writing manifest file '../../build/hello_world/hello_world.egg-info/SOURCES.txt'
reading manifest file '../../build/hello_world/hello_world.egg-info/SOURCES.txt'
writing manifest file '../../build/hello_world/hello_world.egg-info/SOURCES.txt'
running build
running build_py
creating /home/student/dev_ws/build/hello_world/build
creating /home/student/dev_ws/build/hello_world/build/lib
creating /home/student/dev_ws/build/hello_world/build/lib/hello_world
copying hello_world/hello_world_node.py -> /home/student/dev_ws/build/hello_world/build/lib/hello_world
copying hello_world/__init__.py -> /home/student/dev_ws/build/hello_world/build/lib/hello_world
running install
running install_lib
creating /home/student/dev_ws/install/hello_world/lib/python3.12/site-packages/hello_world
copying /home/student/dev_ws/build/hello_world/build/lib/hello_world/hello_world_node.py -> /home/student/dev_ws/install/hello_world/lib/python3.12/site-packages/hello_world
copying /home/student/dev_ws/build/hello_world/build/lib/hello_world/__init__.py -> /home/student/dev_ws/install/hello_world/lib/python3.12/site-packages/hello_world
byte-compiling /home/student/dev_ws/install/hello_world/lib/python3.12/site-packages/hello_world/hello_world_node.py to hello_world_node.cpython-312.pyc
byte-compiling /home/student/dev_ws/install/hello_world/lib/python3.12/site-packages/hello_world/__init__.py to __init__.cpython-312.pyc
running install_data
creating /home/student/dev_ws/install/hello_world/share/ament_index
creating /home/student/dev_ws/install/hello_world/share/ament_index/resource_index
creating /home/student/dev_ws/install/hello_world/share/ament_index/resource_index/packages
copying resource/hello_world -> /home/student/dev_ws/install/hello_world/share/ament_index/resource_index/packages
copying package.xml -> /home/student/dev_ws/install/hello_world/share/hello_world
running install_egg_info
Copying ../../build/hello_world/hello_world.egg-info to /home/student/dev_ws/install/hello_world/lib/python3.12/site-packages/hello_world-0.0.0-py3.12.egg-info
running install_scripts
Installing hello_world_node script to /home/student/dev_ws/install/hello_world/lib/hello_world
writing list of installed files to '/home/student/dev_ws/build/hello_world/install.log'
