running egg_info
writing ../../build/hello_world/hello_world.egg-info/PKG-INFO
writing dependency_links to ../../build/hello_world/hello_world.egg-info/dependency_links.txt
writing entry points to ../../build/hello_world/hello_world.egg-info/entry_points.txt
writing requirements to ../../build/hello_world/hello_world.egg-info/requires.txt
writing top-level names to ../../build/hello_world/hello_world.egg-info/top_level.txt
reading manifest file '../../build/hello_world/hello_world.egg-info/SOURCES.txt'
writing manifest file '../../build/hello_world/hello_world.egg-info/SOURCES.txt'
running build
running build_py
copying hello_world/hello_world_node.py -> /home/student/dev_ws/build/hello_world/build/lib/hello_world
running install
running install_lib
copying /home/student/dev_ws/build/hello_world/build/lib/hello_world/hello_world_node.py -> /home/student/dev_ws/install/hello_world/lib/python3.12/site-packages/hello_world
byte-compiling /home/student/dev_ws/install/hello_world/lib/python3.12/site-packages/hello_world/hello_world_node.py to hello_world_node.cpython-312.pyc
running install_data
running install_egg_info
removing '/home/student/dev_ws/install/hello_world/lib/python3.12/site-packages/hello_world-0.0.0-py3.12.egg-info' (and everything under it)
Copying ../../build/hello_world/hello_world.egg-info to /home/student/dev_ws/install/hello_world/lib/python3.12/site-packages/hello_world-0.0.0-py3.12.egg-info
running install_scripts
Installing hello_world_node script to /home/student/dev_ws/install/hello_world/lib/hello_world
writing list of installed files to '/home/student/dev_ws/build/hello_world/install.log'
