[0.528s] Invoking command in '/home/student/dev_ws/src/hello_world': PS1=\u@ros-workspace:\w$ PYTHONPATH=/home/student/dev_ws/build/hello_world/prefix_override:/usr/lib/python3/dist-packages/colcon_core/task/python/colcon_distutils_commands:/home/student/dev_ws/install/hello_world/lib/python3.12/site-packages:${PYTHONPATH} /usr/bin/python3 -W ignore:setup.py install is deprecated -W ignore:easy_install command is deprecated setup.py egg_info --egg-base ../../build/hello_world build --build-base /home/student/dev_ws/build/hello_world/build install --record /home/student/dev_ws/build/hello_world/install.log --single-version-externally-managed install_data
[0.651s] running egg_info
[0.658s] writing ../../build/hello_world/hello_world.egg-info/PKG-INFO
[0.660s] writing dependency_links to ../../build/hello_world/hello_world.egg-info/dependency_links.txt
[0.661s] writing entry points to ../../build/hello_world/hello_world.egg-info/entry_points.txt
[0.662s] writing requirements to ../../build/hello_world/hello_world.egg-info/requires.txt
[0.663s] writing top-level names to ../../build/hello_world/hello_world.egg-info/top_level.txt
[0.680s] reading manifest file '../../build/hello_world/hello_world.egg-info/SOURCES.txt'
[0.681s] writing manifest file '../../build/hello_world/hello_world.egg-info/SOURCES.txt'
[0.682s] running build
[0.684s] running build_py
[0.684s] copying hello_world/hello_world_node.py -> /home/student/dev_ws/build/hello_world/build/lib/hello_world
[0.685s] running install
[0.687s] running install_lib
[0.695s] copying /home/student/dev_ws/build/hello_world/build/lib/hello_world/hello_world_node.py -> /home/student/dev_ws/install/hello_world/lib/python3.12/site-packages/hello_world
[0.699s] byte-compiling /home/student/dev_ws/install/hello_world/lib/python3.12/site-packages/hello_world/hello_world_node.py to hello_world_node.cpython-312.pyc
[0.701s] running install_data
[0.702s] running install_egg_info
[0.709s] removing '/home/student/dev_ws/install/hello_world/lib/python3.12/site-packages/hello_world-0.0.0-py3.12.egg-info' (and everything under it)
[0.712s] Copying ../../build/hello_world/hello_world.egg-info to /home/student/dev_ws/install/hello_world/lib/python3.12/site-packages/hello_world-0.0.0-py3.12.egg-info
[0.724s] running install_scripts
[0.785s] Installing hello_world_node script to /home/student/dev_ws/install/hello_world/lib/hello_world
[0.786s] writing list of installed files to '/home/student/dev_ws/build/hello_world/install.log'
[0.828s] Invoked command in '/home/student/dev_ws/src/hello_world' returned '0': PS1=\u@ros-workspace:\w$ PYTHONPATH=/home/student/dev_ws/build/hello_world/prefix_override:/usr/lib/python3/dist-packages/colcon_core/task/python/colcon_distutils_commands:/home/student/dev_ws/install/hello_world/lib/python3.12/site-packages:${PYTHONPATH} /usr/bin/python3 -W ignore:setup.py install is deprecated -W ignore:easy_install command is deprecated setup.py egg_info --egg-base ../../build/hello_world build --build-base /home/student/dev_ws/build/hello_world/build install --record /home/student/dev_ws/build/hello_world/install.log --single-version-externally-managed install_data
