running egg_info
writing ../../build/drone/drone.egg-info/PKG-INFO
writing dependency_links to ../../build/drone/drone.egg-info/dependency_links.txt
writing entry points to ../../build/drone/drone.egg-info/entry_points.txt
writing requirements to ../../build/drone/drone.egg-info/requires.txt
writing top-level names to ../../build/drone/drone.egg-info/top_level.txt
reading manifest file '../../build/drone/drone.egg-info/SOURCES.txt'
writing manifest file '../../build/drone/drone.egg-info/SOURCES.txt'
running build
running build_py
running install
running install_lib
running install_data
running install_egg_info
removing '/home/student/dev_ws/install/drone/lib/python3.12/site-packages/drone-0.0.0-py3.12.egg-info' (and everything under it)
Copying ../../build/drone/drone.egg-info to /home/student/dev_ws/install/drone/lib/python3.12/site-packages/drone-0.0.0-py3.12.egg-info
running install_scripts
Installing drone_control_test_node script to /home/student/dev_ws/install/drone/lib/drone
Installing drone_cv_test_node script to /home/student/dev_ws/install/drone/lib/drone
writing list of installed files to '/home/student/dev_ws/build/drone/install.log'
