[0.816s] Invoking command in '/home/student/dev_ws/src/hello_world': DEBUGINFOD_URLS=https://debuginfod.ubuntu.com PYTHONPATH=/home/student/dev_ws/build/hello_world/prefix_override:/usr/lib/python3/dist-packages/colcon_core/task/python/colcon_distutils_commands:/home/student/dev_ws/install/hello_world/lib/python3.12/site-packages:${PYTHONPATH} /usr/bin/python3 -W ignore:setup.py install is deprecated -W ignore:easy_install command is deprecated setup.py egg_info --egg-base ../../build/hello_world build --build-base /home/student/dev_ws/build/hello_world/build install --record /home/student/dev_ws/build/hello_world/install.log --single-version-externally-managed install_data
[0.950s] running egg_info
[0.959s] writing ../../build/hello_world/hello_world.egg-info/PKG-INFO
[0.959s] writing dependency_links to ../../build/hello_world/hello_world.egg-info/dependency_links.txt
[0.962s] writing entry points to ../../build/hello_world/hello_world.egg-info/entry_points.txt
[0.962s] writing requirements to ../../build/hello_world/hello_world.egg-info/requires.txt
[0.963s] writing top-level names to ../../build/hello_world/hello_world.egg-info/top_level.txt
[0.980s] reading manifest file '../../build/hello_world/hello_world.egg-info/SOURCES.txt'
[0.980s] writing manifest file '../../build/hello_world/hello_world.egg-info/SOURCES.txt'
[0.980s] running build
[0.980s] running build_py
[0.981s] running install
[0.985s] running install_lib
[0.993s] running install_data
[0.993s] running install_egg_info
[1.002s] removing '/home/student/dev_ws/install/hello_world/lib/python3.12/site-packages/hello_world-0.0.0-py3.12.egg-info' (and everything under it)
[1.007s] Copying ../../build/hello_world/hello_world.egg-info to /home/student/dev_ws/install/hello_world/lib/python3.12/site-packages/hello_world-0.0.0-py3.12.egg-info
[1.019s] running install_scripts
[1.083s] Installing hello_world_node script to /home/student/dev_ws/install/hello_world/lib/hello_world
[1.085s] writing list of installed files to '/home/student/dev_ws/build/hello_world/install.log'
[1.115s] Invoked command in '/home/student/dev_ws/src/hello_world' returned '0': DEBUGINFOD_URLS=https://debuginfod.ubuntu.com PYTHONPATH=/home/student/dev_ws/build/hello_world/prefix_override:/usr/lib/python3/dist-packages/colcon_core/task/python/colcon_distutils_commands:/home/student/dev_ws/install/hello_world/lib/python3.12/site-packages:${PYTHONPATH} /usr/bin/python3 -W ignore:setup.py install is deprecated -W ignore:easy_install command is deprecated setup.py egg_info --egg-base ../../build/hello_world build --build-base /home/student/dev_ws/build/hello_world/build install --record /home/student/dev_ws/build/hello_world/install.log --single-version-externally-managed install_data
