[0.401s] Invoking command in '/home/student/dev_ws/src/hello_world': PS1=\u@ros-workspace:\w$ PYTHONPATH=/home/student/dev_ws/build/hello_world/prefix_override:/usr/lib/python3/dist-packages/colcon_core/task/python/colcon_distutils_commands:/home/student/dev_ws/install/hello_world/lib/python3.12/site-packages:${PYTHONPATH} /usr/bin/python3 -W ignore:setup.py install is deprecated -W ignore:easy_install command is deprecated setup.py egg_info --egg-base ../../build/hello_world build --build-base /home/student/dev_ws/build/hello_world/build install --record /home/student/dev_ws/build/hello_world/install.log --single-version-externally-managed install_data
[0.519s] running egg_info
[0.527s] writing ../../build/hello_world/hello_world.egg-info/PKG-INFO
[0.528s] writing dependency_links to ../../build/hello_world/hello_world.egg-info/dependency_links.txt
[0.529s] writing entry points to ../../build/hello_world/hello_world.egg-info/entry_points.txt
[0.531s] writing requirements to ../../build/hello_world/hello_world.egg-info/requires.txt
[0.533s] writing top-level names to ../../build/hello_world/hello_world.egg-info/top_level.txt
[0.547s] reading manifest file '../../build/hello_world/hello_world.egg-info/SOURCES.txt'
[0.548s] writing manifest file '../../build/hello_world/hello_world.egg-info/SOURCES.txt'
[0.550s] running build
[0.551s] running build_py
[0.552s] copying hello_world/hello_world_node.py -> /home/student/dev_ws/build/hello_world/build/lib/hello_world
[0.553s] running install
[0.555s] running install_lib
[0.563s] copying /home/student/dev_ws/build/hello_world/build/lib/hello_world/hello_world_node.py -> /home/student/dev_ws/install/hello_world/lib/python3.12/site-packages/hello_world
[0.565s] byte-compiling /home/student/dev_ws/install/hello_world/lib/python3.12/site-packages/hello_world/hello_world_node.py to hello_world_node.cpython-312.pyc
[0.567s] running install_data
[0.568s] running install_egg_info
[0.575s] removing '/home/student/dev_ws/install/hello_world/lib/python3.12/site-packages/hello_world-0.0.0-py3.12.egg-info' (and everything under it)
[0.578s] Copying ../../build/hello_world/hello_world.egg-info to /home/student/dev_ws/install/hello_world/lib/python3.12/site-packages/hello_world-0.0.0-py3.12.egg-info
[0.588s] running install_scripts
[0.646s] Installing hello_world_node script to /home/student/dev_ws/install/hello_world/lib/hello_world
[0.647s] writing list of installed files to '/home/student/dev_ws/build/hello_world/install.log'
[0.665s] Invoked command in '/home/student/dev_ws/src/hello_world' returned '0': PS1=\u@ros-workspace:\w$ PYTHONPATH=/home/student/dev_ws/build/hello_world/prefix_override:/usr/lib/python3/dist-packages/colcon_core/task/python/colcon_distutils_commands:/home/student/dev_ws/install/hello_world/lib/python3.12/site-packages:${PYTHONPATH} /usr/bin/python3 -W ignore:setup.py install is deprecated -W ignore:easy_install command is deprecated setup.py egg_info --egg-base ../../build/hello_world build --build-base /home/student/dev_ws/build/hello_world/build install --record /home/student/dev_ws/build/hello_world/install.log --single-version-externally-managed install_data
