[0.250s] Invoking command in '/home/student/dev_ws/build/mobile_rover': CMAKE_PREFIX_PATH=${CMAKE_PREFIX_PATH}:/home/student/dev_ws/install/robotic_arm:/home/student/dev_ws/install/drone:/home/student/dev_ws/install/hello_world:/opt/ros/jazzy PS1=\u@ros-workspace:\w$ /usr/bin/cmake --build /home/student/dev_ws/build/mobile_rover -- -j72 -l72
[0.380s] Invoked command in '/home/student/dev_ws/build/mobile_rover' returned '0': CMAKE_PREFIX_PATH=${CMAKE_PREFIX_PATH}:/home/student/dev_ws/install/robotic_arm:/home/student/dev_ws/install/drone:/home/student/dev_ws/install/hello_world:/opt/ros/jazzy PS1=\u@ros-workspace:\w$ /usr/bin/cmake --build /home/student/dev_ws/build/mobile_rover -- -j72 -l72
[0.389s] Invoking command in '/home/student/dev_ws/build/mobile_rover': CMAKE_PREFIX_PATH=${CMAKE_PREFIX_PATH}:/home/student/dev_ws/install/robotic_arm:/home/student/dev_ws/install/drone:/home/student/dev_ws/install/hello_world:/opt/ros/jazzy PS1=\u@ros-workspace:\w$ /usr/bin/cmake --install /home/student/dev_ws/build/mobile_rover
[0.399s] -- Install configuration: ""
[0.399s] -- Up-to-date: /home/student/dev_ws/install/mobile_rover/share/ament_index/resource_index/package_run_dependencies/mobile_rover
[0.401s] -- Up-to-date: /home/student/dev_ws/install/mobile_rover/share/ament_index/resource_index/parent_prefix_path/mobile_rover
[0.403s] -- Up-to-date: /home/student/dev_ws/install/mobile_rover/share/mobile_rover/environment/ament_prefix_path.sh
[0.404s] -- Up-to-date: /home/student/dev_ws/install/mobile_rover/share/mobile_rover/environment/ament_prefix_path.dsv
[0.406s] -- Up-to-date: /home/student/dev_ws/install/mobile_rover/share/mobile_rover/environment/path.sh
[0.408s] -- Up-to-date: /home/student/dev_ws/install/mobile_rover/share/mobile_rover/environment/path.dsv
[0.409s] -- Up-to-date: /home/student/dev_ws/install/mobile_rover/share/mobile_rover/local_setup.bash
[0.410s] -- Up-to-date: /home/student/dev_ws/install/mobile_rover/share/mobile_rover/local_setup.sh
[0.411s] -- Up-to-date: /home/student/dev_ws/install/mobile_rover/share/mobile_rover/local_setup.zsh
[0.411s] -- Up-to-date: /home/student/dev_ws/install/mobile_rover/share/mobile_rover/local_setup.dsv
[0.411s] -- Installing: /home/student/dev_ws/install/mobile_rover/share/mobile_rover/package.dsv
[0.411s] -- Up-to-date: /home/student/dev_ws/install/mobile_rover/share/ament_index/resource_index/packages/mobile_rover
[0.411s] -- Up-to-date: /home/student/dev_ws/install/mobile_rover/share/mobile_rover/cmake/mobile_roverConfig.cmake
[0.411s] -- Up-to-date: /home/student/dev_ws/install/mobile_rover/share/mobile_rover/cmake/mobile_roverConfig-version.cmake
[0.412s] -- Up-to-date: /home/student/dev_ws/install/mobile_rover/share/mobile_rover/package.xml
[0.413s] Invoked command in '/home/student/dev_ws/build/mobile_rover' returned '0': CMAKE_PREFIX_PATH=${CMAKE_PREFIX_PATH}:/home/student/dev_ws/install/robotic_arm:/home/student/dev_ws/install/drone:/home/student/dev_ws/install/hello_world:/opt/ros/jazzy PS1=\u@ros-workspace:\w$ /usr/bin/cmake --install /home/student/dev_ws/build/mobile_rover
