[0.130s] Invoking command in '/home/student/dev_ws/build/mobile_rover': CMAKE_PREFIX_PATH=${CMAKE_PREFIX_PATH}:/home/student/dev_ws/install/hello_world:/opt/ros/jazzy PS1=\u@ros-workspace:\w$ /usr/bin/cmake /home/student/dev_ws/src/mobile_rover -DCMAKE_INSTALL_PREFIX=/home/student/dev_ws/install/mobile_rover
[0.189s] -- The C compiler identification is GNU 13.3.0
[0.240s] -- The CXX compiler identification is GNU 13.3.0
[0.267s] -- Detecting C compiler ABI info
[0.398s] -- Detecting C compiler ABI info - done
[0.406s] -- Check for working C compiler: /usr/bin/cc - skipped
[0.406s] -- Detecting C compile features
[0.408s] -- Detecting C compile features - done
[0.427s] -- Detecting CXX compiler ABI info
[0.569s] -- Detecting CXX compiler ABI info - done
[0.583s] -- Check for working CXX compiler: /usr/bin/c++ - skipped
[0.584s] -- Detecting CXX compile features
[0.586s] -- Detecting CXX compile features - done
[0.593s] -- Found ament_cmake: 2.5.6 (/opt/ros/jazzy/share/ament_cmake/cmake)
[0.706s] -- Found Python3: /usr/bin/python3 (found version "3.12.3") found components: Interpreter 
[0.872s] -- Found ament_lint_auto: 0.17.5 (/opt/ros/jazzy/share/ament_lint_auto/cmake)
[1.004s] -- Added test 'lint_cmake' to check CMake code style
[1.007s] -- Added test 'xmllint' to check XML markup files
[1.022s] -- Configuring done (0.9s)
[1.052s] -- Generating done (0.0s)
[1.066s] -- Build files have been written to: /home/student/dev_ws/build/mobile_rover
[1.071s] Invoked command in '/home/student/dev_ws/build/mobile_rover' returned '0': CMAKE_PREFIX_PATH=${CMAKE_PREFIX_PATH}:/home/student/dev_ws/install/hello_world:/opt/ros/jazzy PS1=\u@ros-workspace:\w$ /usr/bin/cmake /home/student/dev_ws/src/mobile_rover -DCMAKE_INSTALL_PREFIX=/home/student/dev_ws/install/mobile_rover
[1.072s] Invoking command in '/home/student/dev_ws/build/mobile_rover': CMAKE_PREFIX_PATH=${CMAKE_PREFIX_PATH}:/home/student/dev_ws/install/hello_world:/opt/ros/jazzy PS1=\u@ros-workspace:\w$ /usr/bin/cmake --build /home/student/dev_ws/build/mobile_rover -- -j72 -l72
[1.117s] Invoked command in '/home/student/dev_ws/build/mobile_rover' returned '0': CMAKE_PREFIX_PATH=${CMAKE_PREFIX_PATH}:/home/student/dev_ws/install/hello_world:/opt/ros/jazzy PS1=\u@ros-workspace:\w$ /usr/bin/cmake --build /home/student/dev_ws/build/mobile_rover -- -j72 -l72
[1.127s] Invoking command in '/home/student/dev_ws/build/mobile_rover': CMAKE_PREFIX_PATH=${CMAKE_PREFIX_PATH}:/home/student/dev_ws/install/hello_world:/opt/ros/jazzy PS1=\u@ros-workspace:\w$ /usr/bin/cmake --install /home/student/dev_ws/build/mobile_rover
[1.134s] -- Install configuration: ""
[1.136s] -- Installing: /home/student/dev_ws/install/mobile_rover/share/ament_index/resource_index/package_run_dependencies/mobile_rover
[1.139s] -- Installing: /home/student/dev_ws/install/mobile_rover/share/ament_index/resource_index/parent_prefix_path/mobile_rover
[1.143s] -- Installing: /home/student/dev_ws/install/mobile_rover/share/mobile_rover/environment/ament_prefix_path.sh
[1.146s] -- Installing: /home/student/dev_ws/install/mobile_rover/share/mobile_rover/environment/ament_prefix_path.dsv
[1.149s] -- Installing: /home/student/dev_ws/install/mobile_rover/share/mobile_rover/environment/path.sh
[1.152s] -- Installing: /home/student/dev_ws/install/mobile_rover/share/mobile_rover/environment/path.dsv
[1.155s] -- Installing: /home/student/dev_ws/install/mobile_rover/share/mobile_rover/local_setup.bash
[1.157s] -- Installing: /home/student/dev_ws/install/mobile_rover/share/mobile_rover/local_setup.sh
[1.160s] -- Installing: /home/student/dev_ws/install/mobile_rover/share/mobile_rover/local_setup.zsh
[1.163s] -- Installing: /home/student/dev_ws/install/mobile_rover/share/mobile_rover/local_setup.dsv
[1.166s] -- Installing: /home/student/dev_ws/install/mobile_rover/share/mobile_rover/package.dsv
[1.169s] -- Installing: /home/student/dev_ws/install/mobile_rover/share/ament_index/resource_index/packages/mobile_rover
[1.172s] -- Installing: /home/student/dev_ws/install/mobile_rover/share/mobile_rover/cmake/mobile_roverConfig.cmake
[1.175s] -- Installing: /home/student/dev_ws/install/mobile_rover/share/mobile_rover/cmake/mobile_roverConfig-version.cmake
[1.178s] -- Installing: /home/student/dev_ws/install/mobile_rover/share/mobile_rover/package.xml
[1.184s] Invoked command in '/home/student/dev_ws/build/mobile_rover' returned '0': CMAKE_PREFIX_PATH=${CMAKE_PREFIX_PATH}:/home/student/dev_ws/install/hello_world:/opt/ros/jazzy PS1=\u@ros-workspace:\w$ /usr/bin/cmake --install /home/student/dev_ws/build/mobile_rover
