running egg_info
writing ../../build/place_logger/place_logger.egg-info/PKG-INFO
writing dependency_links to ../../build/place_logger/place_logger.egg-info/dependency_links.txt
writing entry points to ../../build/place_logger/place_logger.egg-info/entry_points.txt
writing requirements to ../../build/place_logger/place_logger.egg-info/requires.txt
writing top-level names to ../../build/place_logger/place_logger.egg-info/top_level.txt
reading manifest file '../../build/place_logger/place_logger.egg-info/SOURCES.txt'
writing manifest file '../../build/place_logger/place_logger.egg-info/SOURCES.txt'
running build
running build_py
copying place_logger/place_logger_node.py -> /home/student/dev_ws/build/place_logger/build/lib/place_logger
running install
running install_lib
copying /home/student/dev_ws/build/place_logger/build/lib/place_logger/place_logger_node.py -> /home/student/dev_ws/install/place_logger/lib/python3.12/site-packages/place_logger
byte-compiling /home/student/dev_ws/install/place_logger/lib/python3.12/site-packages/place_logger/place_logger_node.py to place_logger_node.cpython-312.pyc
running install_data
running install_egg_info
removing '/home/student/dev_ws/install/place_logger/lib/python3.12/site-packages/place_logger-0.0.0-py3.12.egg-info' (and everything under it)
Copying ../../build/place_logger/place_logger.egg-info to /home/student/dev_ws/install/place_logger/lib/python3.12/site-packages/place_logger-0.0.0-py3.12.egg-info
running install_scripts
Installing place_logger script to /home/student/dev_ws/install/place_logger/lib/place_logger
writing list of installed files to '/home/student/dev_ws/build/place_logger/install.log'
