[0.671s] Invoking command in '/home/student/dev_ws/src/drone': PS1=\u@ros-workspace:\w$ PYTHONPATH=/home/student/dev_ws/build/drone/prefix_override:/usr/lib/python3/dist-packages/colcon_core/task/python/colcon_distutils_commands:/home/student/dev_ws/install/drone/lib/python3.12/site-packages:${PYTHONPATH} /usr/bin/python3 -W ignore:setup.py install is deprecated -W ignore:easy_install command is deprecated setup.py egg_info --egg-base ../../build/drone build --build-base /home/student/dev_ws/build/drone/build install --record /home/student/dev_ws/build/drone/install.log --single-version-externally-managed install_data
[0.795s] running egg_info
[0.802s] writing ../../build/drone/drone.egg-info/PKG-INFO
[0.803s] writing dependency_links to ../../build/drone/drone.egg-info/dependency_links.txt
[0.805s] writing entry points to ../../build/drone/drone.egg-info/entry_points.txt
[0.807s] writing requirements to ../../build/drone/drone.egg-info/requires.txt
[0.808s] writing top-level names to ../../build/drone/drone.egg-info/top_level.txt
[0.823s] reading manifest file '../../build/drone/drone.egg-info/SOURCES.txt'
[0.824s] writing manifest file '../../build/drone/drone.egg-info/SOURCES.txt'
[0.825s] running build
[0.826s] running build_py
[0.827s] running install
[0.829s] running install_lib
[0.838s] running install_data
[0.838s] running install_egg_info
[0.846s] removing '/home/student/dev_ws/install/drone/lib/python3.12/site-packages/drone-0.0.0-py3.12.egg-info' (and everything under it)
[0.851s] Copying ../../build/drone/drone.egg-info to /home/student/dev_ws/install/drone/lib/python3.12/site-packages/drone-0.0.0-py3.12.egg-info
[0.862s] running install_scripts
[0.923s] Installing drone_control_test_node script to /home/student/dev_ws/install/drone/lib/drone
[0.925s] Installing drone_cv_node script to /home/student/dev_ws/install/drone/lib/drone
[0.926s] writing list of installed files to '/home/student/dev_ws/build/drone/install.log'
[0.944s] Invoked command in '/home/student/dev_ws/src/drone' returned '0': PS1=\u@ros-workspace:\w$ PYTHONPATH=/home/student/dev_ws/build/drone/prefix_override:/usr/lib/python3/dist-packages/colcon_core/task/python/colcon_distutils_commands:/home/student/dev_ws/install/drone/lib/python3.12/site-packages:${PYTHONPATH} /usr/bin/python3 -W ignore:setup.py install is deprecated -W ignore:easy_install command is deprecated setup.py egg_info --egg-base ../../build/drone build --build-base /home/student/dev_ws/build/drone/build install --record /home/student/dev_ws/build/drone/install.log --single-version-externally-managed install_data
