[0.851s] Invoking command in '/home/student/dev_ws/src/robotic_arm': DEBUGINFOD_URLS=https://debuginfod.ubuntu.com PYTHONPATH=/home/student/dev_ws/build/robotic_arm/prefix_override:/usr/lib/python3/dist-packages/colcon_core/task/python/colcon_distutils_commands:/home/student/dev_ws/install/robotic_arm/lib/python3.12/site-packages:${PYTHONPATH} /usr/bin/python3 -W ignore:setup.py install is deprecated -W ignore:easy_install command is deprecated setup.py egg_info --egg-base ../../build/robotic_arm build --build-base /home/student/dev_ws/build/robotic_arm/build install --record /home/student/dev_ws/build/robotic_arm/install.log --single-version-externally-managed install_data
[0.981s] running egg_info
[0.987s] writing ../../build/robotic_arm/robotic_arm.egg-info/PKG-INFO
[0.988s] writing dependency_links to ../../build/robotic_arm/robotic_arm.egg-info/dependency_links.txt
[0.990s] writing requirements to ../../build/robotic_arm/robotic_arm.egg-info/requires.txt
[0.991s] writing top-level names to ../../build/robotic_arm/robotic_arm.egg-info/top_level.txt
[1.008s] reading manifest file '../../build/robotic_arm/robotic_arm.egg-info/SOURCES.txt'
[1.009s] adding license file 'LICENSE'
[1.009s] writing manifest file '../../build/robotic_arm/robotic_arm.egg-info/SOURCES.txt'
[1.011s] running build
[1.012s] running build_py
[1.013s] running install
[1.014s] running install_lib
[1.023s] running install_data
[1.024s] running install_egg_info
[1.032s] removing '/home/student/dev_ws/install/robotic_arm/lib/python3.12/site-packages/robotic_arm-0.0.0-py3.12.egg-info' (and everything under it)
[1.035s] Copying ../../build/robotic_arm/robotic_arm.egg-info to /home/student/dev_ws/install/robotic_arm/lib/python3.12/site-packages/robotic_arm-0.0.0-py3.12.egg-info
[1.043s] running install_scripts
[1.105s] writing list of installed files to '/home/student/dev_ws/build/robotic_arm/install.log'
[1.122s] Invoked command in '/home/student/dev_ws/src/robotic_arm' returned '0': DEBUGINFOD_URLS=https://debuginfod.ubuntu.com PYTHONPATH=/home/student/dev_ws/build/robotic_arm/prefix_override:/usr/lib/python3/dist-packages/colcon_core/task/python/colcon_distutils_commands:/home/student/dev_ws/install/robotic_arm/lib/python3.12/site-packages:${PYTHONPATH} /usr/bin/python3 -W ignore:setup.py install is deprecated -W ignore:easy_install command is deprecated setup.py egg_info --egg-base ../../build/robotic_arm build --build-base /home/student/dev_ws/build/robotic_arm/build install --record /home/student/dev_ws/build/robotic_arm/install.log --single-version-externally-managed install_data
