[0.648s] Invoking command in '/home/student/dev_ws/src/hello_world': PS1=\u@ros-workspace:\w$ PYTHONPATH=/home/student/dev_ws/build/hello_world/prefix_override:/usr/lib/python3/dist-packages/colcon_core/task/python/colcon_distutils_commands:/home/student/dev_ws/install/hello_world/lib/python3.12/site-packages:${PYTHONPATH} /usr/bin/python3 -W ignore:setup.py install is deprecated -W ignore:easy_install command is deprecated setup.py egg_info --egg-base ../../build/hello_world build --build-base /home/student/dev_ws/build/hello_world/build install --record /home/student/dev_ws/build/hello_world/install.log --single-version-externally-managed install_data
[0.770s] running egg_info
[0.777s] writing ../../build/hello_world/hello_world.egg-info/PKG-INFO
[0.778s] writing dependency_links to ../../build/hello_world/hello_world.egg-info/dependency_links.txt
[0.782s] writing entry points to ../../build/hello_world/hello_world.egg-info/entry_points.txt
[0.782s] writing requirements to ../../build/hello_world/hello_world.egg-info/requires.txt
[0.783s] writing top-level names to ../../build/hello_world/hello_world.egg-info/top_level.txt
[0.800s] reading manifest file '../../build/hello_world/hello_world.egg-info/SOURCES.txt'
[0.801s] writing manifest file '../../build/hello_world/hello_world.egg-info/SOURCES.txt'
[0.801s] running build
[0.801s] running build_py
[0.801s] running install
[0.804s] running install_lib
[0.812s] running install_data
[0.813s] running install_egg_info
[0.821s] removing '/home/student/dev_ws/install/hello_world/lib/python3.12/site-packages/hello_world-0.0.0-py3.12.egg-info' (and everything under it)
[0.825s] Copying ../../build/hello_world/hello_world.egg-info to /home/student/dev_ws/install/hello_world/lib/python3.12/site-packages/hello_world-0.0.0-py3.12.egg-info
[0.835s] running install_scripts
[0.895s] Installing hello_world_node script to /home/student/dev_ws/install/hello_world/lib/hello_world
[0.896s] writing list of installed files to '/home/student/dev_ws/build/hello_world/install.log'
[0.914s] Invoked command in '/home/student/dev_ws/src/hello_world' returned '0': PS1=\u@ros-workspace:\w$ PYTHONPATH=/home/student/dev_ws/build/hello_world/prefix_override:/usr/lib/python3/dist-packages/colcon_core/task/python/colcon_distutils_commands:/home/student/dev_ws/install/hello_world/lib/python3.12/site-packages:${PYTHONPATH} /usr/bin/python3 -W ignore:setup.py install is deprecated -W ignore:easy_install command is deprecated setup.py egg_info --egg-base ../../build/hello_world build --build-base /home/student/dev_ws/build/hello_world/build install --record /home/student/dev_ws/build/hello_world/install.log --single-version-externally-managed install_data
