[0.057s] DEBUG:colcon:Command line arguments: ['/usr/bin/colcon', 'build']
[0.058s] DEBUG:colcon:Parsed command line arguments: Namespace(log_base=None, log_level=None, verb_name='build', build_base='build', install_base='install', merge_install=False, symlink_install=False, test_result_base=None, continue_on_error=False, executor='parallel', parallel_workers=72, event_handlers=None, ignore_user_meta=False, metas=['./colcon.meta'], base_paths=['.'], packages_ignore=None, packages_ignore_regex=None, paths=None, packages_up_to=None, packages_up_to_regex=None, packages_above=None, packages_above_and_dependencies=None, packages_above_depth=None, packages_select_by_dep=None, packages_skip_by_dep=None, packages_skip_up_to=None, packages_select_build_failed=False, packages_skip_build_finished=False, packages_select_test_failures=False, packages_skip_test_passed=False, packages_select=None, packages_skip=None, packages_select_regex=None, packages_skip_regex=None, packages_start=None, packages_end=None, cmake_args=None, cmake_target=None, cmake_target_skip_unavailable=False, cmake_clean_cache=False, cmake_clean_first=False, cmake_force_configure=False, ament_cmake_args=None, catkin_cmake_args=None, catkin_skip_building_tests=False, mixin_files=None, mixin=None, verb_parser=<colcon_mixin.mixin.mixin_argument.MixinArgumentDecorator object at 0x7fc498735640>, verb_extension=<colcon_core.verb.build.BuildVerb object at 0x7fc498735340>, main=<bound method BuildVerb.main of <colcon_core.verb.build.BuildVerb object at 0x7fc498735340>>, mixin_verb=('build',))
[0.082s] Level 1:colcon.colcon_core.package_discovery:discover_packages(colcon_meta) check parameters
[0.082s] Level 1:colcon.colcon_core.package_discovery:discover_packages(recursive) check parameters
[0.083s] Level 1:colcon.colcon_core.package_discovery:discover_packages(ignore) check parameters
[0.083s] Level 1:colcon.colcon_core.package_discovery:discover_packages(path) check parameters
[0.083s] Level 1:colcon.colcon_core.package_discovery:discover_packages(colcon_meta) discover
[0.084s] Level 1:colcon.colcon_core.package_discovery:discover_packages(recursive) discover
[0.084s] INFO:colcon.colcon_core.package_discovery:Crawling recursively for packages in '/home/student/dev_ws/src/place_logger'
[0.085s] Level 1:colcon.colcon_core.package_identification:_identify(.) by extensions ['ignore', 'ignore_ament_install']
[0.085s] Level 1:colcon.colcon_core.package_identification:_identify(.) by extension 'ignore'
[0.085s] Level 1:colcon.colcon_core.package_identification:_identify(.) by extension 'ignore_ament_install'
[0.085s] Level 1:colcon.colcon_core.package_identification:_identify(.) by extensions ['colcon_pkg']
[0.086s] Level 1:colcon.colcon_core.package_identification:_identify(.) by extension 'colcon_pkg'
[0.086s] Level 1:colcon.colcon_core.package_identification:_identify(.) by extensions ['colcon_meta']
[0.086s] Level 1:colcon.colcon_core.package_identification:_identify(.) by extension 'colcon_meta'
[0.087s] Level 1:colcon.colcon_core.package_identification:_identify(.) by extensions ['ros']
[0.087s] Level 1:colcon.colcon_core.package_identification:_identify(.) by extension 'ros'
[0.103s] DEBUG:colcon.colcon_core.package_identification:Package '.' with type 'ros.ament_python' and name 'place_logger'
[0.103s] Level 1:colcon.colcon_core.package_discovery:discover_packages(recursive) using defaults
[0.103s] Level 1:colcon.colcon_core.package_discovery:discover_packages(ignore) discover
[0.104s] Level 1:colcon.colcon_core.package_discovery:discover_packages(ignore) using defaults
[0.104s] Level 1:colcon.colcon_core.package_discovery:discover_packages(path) discover
[0.104s] Level 1:colcon.colcon_core.package_discovery:discover_packages(path) using defaults
[0.114s] Level 5:colcon.colcon_core.verb:set package 'place_logger' build argument 'cmake_args' from command line to 'None'
[0.114s] Level 5:colcon.colcon_core.verb:set package 'place_logger' build argument 'cmake_target' from command line to 'None'
[0.114s] Level 5:colcon.colcon_core.verb:set package 'place_logger' build argument 'cmake_target_skip_unavailable' from command line to 'False'
[0.114s] Level 5:colcon.colcon_core.verb:set package 'place_logger' build argument 'cmake_clean_cache' from command line to 'False'
[0.115s] Level 5:colcon.colcon_core.verb:set package 'place_logger' build argument 'cmake_clean_first' from command line to 'False'
[0.115s] Level 5:colcon.colcon_core.verb:set package 'place_logger' build argument 'cmake_force_configure' from command line to 'False'
[0.115s] Level 5:colcon.colcon_core.verb:set package 'place_logger' build argument 'ament_cmake_args' from command line to 'None'
[0.116s] Level 5:colcon.colcon_core.verb:set package 'place_logger' build argument 'catkin_cmake_args' from command line to 'None'
[0.116s] Level 5:colcon.colcon_core.verb:set package 'place_logger' build argument 'catkin_skip_building_tests' from command line to 'False'
[0.116s] DEBUG:colcon.colcon_core.verb:Building package 'place_logger' with the following arguments: {'ament_cmake_args': None, 'build_base': '/home/student/dev_ws/src/place_logger/build/place_logger', 'catkin_cmake_args': None, 'catkin_skip_building_tests': False, 'cmake_args': None, 'cmake_clean_cache': False, 'cmake_clean_first': False, 'cmake_force_configure': False, 'cmake_target': None, 'cmake_target_skip_unavailable': False, 'install_base': '/home/student/dev_ws/src/place_logger/install/place_logger', 'merge_install': False, 'path': '/home/student/dev_ws/src/place_logger', 'symlink_install': False, 'test_result_base': None}
[0.116s] INFO:colcon.colcon_core.executor:Executing jobs using 'parallel' executor
[0.117s] DEBUG:colcon.colcon_parallel_executor.executor.parallel:run_until_complete
[0.117s] INFO:colcon.colcon_ros.task.ament_python.build:Building ROS package in '/home/student/dev_ws/src/place_logger' with build type 'ament_python'
[0.118s] Level 1:colcon.colcon_core.shell:create_environment_hook('place_logger', 'ament_prefix_path')
[0.119s] INFO:colcon.colcon_core.plugin_system:Skipping extension 'colcon_core.shell.bat': Not used on non-Windows systems
[0.119s] INFO:colcon.colcon_core.shell:Creating environment hook '/home/student/dev_ws/src/place_logger/install/place_logger/share/place_logger/hook/ament_prefix_path.ps1'
[0.122s] INFO:colcon.colcon_core.shell:Creating environment descriptor '/home/student/dev_ws/src/place_logger/install/place_logger/share/place_logger/hook/ament_prefix_path.dsv'
[0.123s] INFO:colcon.colcon_core.shell:Creating environment hook '/home/student/dev_ws/src/place_logger/install/place_logger/share/place_logger/hook/ament_prefix_path.sh'
[0.123s] INFO:colcon.colcon_core.shell:Skip shell extension 'powershell' for command environment: Not usable outside of PowerShell
[0.124s] DEBUG:colcon.colcon_core.shell:Skip shell extension 'dsv' for command environment
[0.241s] INFO:colcon.colcon_core.task.python.build:Building Python package in '/home/student/dev_ws/src/place_logger'
[0.242s] INFO:colcon.colcon_core.shell:Skip shell extension 'powershell' for command environment: Not usable outside of PowerShell
[0.242s] DEBUG:colcon.colcon_core.shell:Skip shell extension 'dsv' for command environment
[0.526s] DEBUG:colcon.colcon_core.event_handler.log_command:Invoking command in '/home/student/dev_ws/src/place_logger': PS1=\u@ros-workspace:\w$ PYTHONPATH=/home/student/dev_ws/src/place_logger/build/place_logger/prefix_override:/usr/lib/python3/dist-packages/colcon_core/task/python/colcon_distutils_commands:/home/student/dev_ws/src/place_logger/install/place_logger/lib/python3.12/site-packages:${PYTHONPATH} /usr/bin/python3 -W ignore:setup.py install is deprecated -W ignore:easy_install command is deprecated setup.py egg_info --egg-base build/place_logger build --build-base /home/student/dev_ws/src/place_logger/build/place_logger/build install --record /home/student/dev_ws/src/place_logger/build/place_logger/install.log --single-version-externally-managed install_data
[0.802s] DEBUG:colcon.colcon_core.event_handler.log_command:Invoked command in '/home/student/dev_ws/src/place_logger' returned '0': PS1=\u@ros-workspace:\w$ PYTHONPATH=/home/student/dev_ws/src/place_logger/build/place_logger/prefix_override:/usr/lib/python3/dist-packages/colcon_core/task/python/colcon_distutils_commands:/home/student/dev_ws/src/place_logger/install/place_logger/lib/python3.12/site-packages:${PYTHONPATH} /usr/bin/python3 -W ignore:setup.py install is deprecated -W ignore:easy_install command is deprecated setup.py egg_info --egg-base build/place_logger build --build-base /home/student/dev_ws/src/place_logger/build/place_logger/build install --record /home/student/dev_ws/src/place_logger/build/place_logger/install.log --single-version-externally-managed install_data
[0.804s] Level 1:colcon.colcon_core.environment:checking '/home/student/dev_ws/src/place_logger/install/place_logger' for CMake module files
[0.805s] Level 1:colcon.colcon_core.environment:checking '/home/student/dev_ws/src/place_logger/install/place_logger' for CMake config files
[0.807s] Level 1:colcon.colcon_core.environment:checking '/home/student/dev_ws/src/place_logger/install/place_logger/lib'
[0.807s] Level 1:colcon.colcon_core.environment:checking '/home/student/dev_ws/src/place_logger/install/place_logger/bin'
[0.808s] Level 1:colcon.colcon_core.environment:checking '/home/student/dev_ws/src/place_logger/install/place_logger/lib/pkgconfig/place_logger.pc'
[0.808s] Level 1:colcon.colcon_core.environment:checking '/home/student/dev_ws/src/place_logger/install/place_logger/lib/python3.12/site-packages'
[0.808s] Level 1:colcon.colcon_core.shell:create_environment_hook('place_logger', 'pythonpath')
[0.809s] INFO:colcon.colcon_core.shell:Creating environment hook '/home/student/dev_ws/src/place_logger/install/place_logger/share/place_logger/hook/pythonpath.ps1'
[0.810s] INFO:colcon.colcon_core.shell:Creating environment descriptor '/home/student/dev_ws/src/place_logger/install/place_logger/share/place_logger/hook/pythonpath.dsv'
[0.810s] INFO:colcon.colcon_core.shell:Creating environment hook '/home/student/dev_ws/src/place_logger/install/place_logger/share/place_logger/hook/pythonpath.sh'
[0.811s] Level 1:colcon.colcon_core.environment:checking '/home/student/dev_ws/src/place_logger/install/place_logger/bin'
[0.811s] Level 1:colcon.colcon_core.environment:create_environment_scripts_only(place_logger)
[0.812s] INFO:colcon.colcon_core.shell:Creating package script '/home/student/dev_ws/src/place_logger/install/place_logger/share/place_logger/package.ps1'
[0.813s] INFO:colcon.colcon_core.shell:Creating package descriptor '/home/student/dev_ws/src/place_logger/install/place_logger/share/place_logger/package.dsv'
[0.814s] INFO:colcon.colcon_core.shell:Creating package script '/home/student/dev_ws/src/place_logger/install/place_logger/share/place_logger/package.sh'
[0.815s] INFO:colcon.colcon_core.shell:Creating package script '/home/student/dev_ws/src/place_logger/install/place_logger/share/place_logger/package.bash'
[0.816s] INFO:colcon.colcon_core.shell:Creating package script '/home/student/dev_ws/src/place_logger/install/place_logger/share/place_logger/package.zsh'
[0.817s] Level 1:colcon.colcon_core.environment:create_file_with_runtime_dependencies(/home/student/dev_ws/src/place_logger/install/place_logger/share/colcon-core/packages/place_logger)
[0.818s] DEBUG:colcon.colcon_parallel_executor.executor.parallel:closing loop
[0.818s] DEBUG:colcon.colcon_parallel_executor.executor.parallel:loop closed
[0.819s] DEBUG:colcon.colcon_parallel_executor.executor.parallel:run_until_complete finished with '0'
[0.819s] DEBUG:colcon.colcon_core.event_reactor:joining thread
[0.823s] INFO:colcon.colcon_core.plugin_system:Skipping extension 'colcon_notification.desktop_notification.notify_send': Could not find 'notify-send'
[0.823s] INFO:colcon.colcon_core.plugin_system:Skipping extension 'colcon_notification.desktop_notification.terminal_notifier': Not used on non-Darwin systems
[0.823s] INFO:colcon.colcon_core.plugin_system:Skipping extension 'colcon_notification.desktop_notification.win32': Not used on non-Windows systems
[0.824s] INFO:colcon.colcon_notification.desktop_notification:Sending desktop notification using 'notify2'
[0.830s] DEBUG:colcon.colcon_notification.desktop_notification.notify2:Failed to initialize notify2: org.freedesktop.DBus.Error.ServiceUnknown: The name org.freedesktop.Notifications was not provided by any .service files
[0.830s] DEBUG:colcon.colcon_core.event_reactor:joined thread
[0.831s] INFO:colcon.colcon_core.shell:Creating prefix script '/home/student/dev_ws/src/place_logger/install/local_setup.ps1'
[0.832s] INFO:colcon.colcon_core.shell:Creating prefix util module '/home/student/dev_ws/src/place_logger/install/_local_setup_util_ps1.py'
[0.833s] INFO:colcon.colcon_core.shell:Creating prefix chain script '/home/student/dev_ws/src/place_logger/install/setup.ps1'
[0.835s] INFO:colcon.colcon_core.shell:Creating prefix script '/home/student/dev_ws/src/place_logger/install/local_setup.sh'
[0.836s] INFO:colcon.colcon_core.shell:Creating prefix util module '/home/student/dev_ws/src/place_logger/install/_local_setup_util_sh.py'
[0.837s] INFO:colcon.colcon_core.shell:Creating prefix chain script '/home/student/dev_ws/src/place_logger/install/setup.sh'
[0.839s] INFO:colcon.colcon_core.shell:Creating prefix script '/home/student/dev_ws/src/place_logger/install/local_setup.bash'
[0.840s] INFO:colcon.colcon_core.shell:Creating prefix chain script '/home/student/dev_ws/src/place_logger/install/setup.bash'
[0.841s] INFO:colcon.colcon_core.shell:Creating prefix script '/home/student/dev_ws/src/place_logger/install/local_setup.zsh'
[0.842s] INFO:colcon.colcon_core.shell:Creating prefix chain script '/home/student/dev_ws/src/place_logger/install/setup.zsh'
