[0.659s] Invoking command in '/home/student/dev_ws/src/drone': PS1=\u@ros-workspace:\w$ PYTHONPATH=/home/student/dev_ws/build/drone/prefix_override:/usr/lib/python3/dist-packages/colcon_core/task/python/colcon_distutils_commands:/home/student/dev_ws/install/drone/lib/python3.12/site-packages:${PYTHONPATH} /usr/bin/python3 -W ignore:setup.py install is deprecated -W ignore:easy_install command is deprecated setup.py egg_info --egg-base ../../build/drone build --build-base /home/student/dev_ws/build/drone/build install --record /home/student/dev_ws/build/drone/install.log --single-version-externally-managed install_data
[0.784s] running egg_info
[0.792s] writing ../../build/drone/drone.egg-info/PKG-INFO
[0.793s] writing dependency_links to ../../build/drone/drone.egg-info/dependency_links.txt
[0.794s] writing entry points to ../../build/drone/drone.egg-info/entry_points.txt
[0.796s] writing requirements to ../../build/drone/drone.egg-info/requires.txt
[0.797s] writing top-level names to ../../build/drone/drone.egg-info/top_level.txt
[0.813s] reading manifest file '../../build/drone/drone.egg-info/SOURCES.txt'
[0.813s] writing manifest file '../../build/drone/drone.egg-info/SOURCES.txt'
[0.815s] running build
[0.816s] running build_py
[0.817s] copying drone/drone_cv.py -> /home/student/dev_ws/build/drone/build/lib/drone
[0.819s] running install
[0.820s] running install_lib
[0.828s] copying /home/student/dev_ws/build/drone/build/lib/drone/drone_cv.py -> /home/student/dev_ws/install/drone/lib/python3.12/site-packages/drone
[0.830s] byte-compiling /home/student/dev_ws/install/drone/lib/python3.12/site-packages/drone/drone_cv.py to drone_cv.cpython-312.pyc
[0.832s] running install_data
[0.832s] running install_egg_info
[0.841s] removing '/home/student/dev_ws/install/drone/lib/python3.12/site-packages/drone-0.0.0-py3.12.egg-info' (and everything under it)
[0.844s] Copying ../../build/drone/drone.egg-info to /home/student/dev_ws/install/drone/lib/python3.12/site-packages/drone-0.0.0-py3.12.egg-info
[0.856s] running install_scripts
[0.918s] Installing drone_control_node script to /home/student/dev_ws/install/drone/lib/drone
[0.920s] writing list of installed files to '/home/student/dev_ws/build/drone/install.log'
[0.937s] Invoked command in '/home/student/dev_ws/src/drone' returned '0': PS1=\u@ros-workspace:\w$ PYTHONPATH=/home/student/dev_ws/build/drone/prefix_override:/usr/lib/python3/dist-packages/colcon_core/task/python/colcon_distutils_commands:/home/student/dev_ws/install/drone/lib/python3.12/site-packages:${PYTHONPATH} /usr/bin/python3 -W ignore:setup.py install is deprecated -W ignore:easy_install command is deprecated setup.py egg_info --egg-base ../../build/drone build --build-base /home/student/dev_ws/build/drone/build install --record /home/student/dev_ws/build/drone/install.log --single-version-externally-managed install_data
